<?xml version="1.0" encoding="UTF-8"?>
<testng-results ignored="0" total="1" passed="1" failed="0" skipped="0">
  <reporter-output>
  </reporter-output>
  <suite started-at="2022-10-21T17:25:15 IST" name="Default suite" finished-at="2022-10-21T17:25:23 IST" duration-ms="8038">
    <groups>
    </groups>
    <test started-at="2022-10-21T17:25:15 IST" name="Default test" finished-at="2022-10-21T17:25:23 IST" duration-ms="8038">
      <class name="testcases.AlertTest">
        <test-method is-config="true" signature="initialiseBrowser()[pri:0, instance:testcases.AlertTest@7f3b84b8]" started-at="2022-10-21T17:25:15 IST" name="initialiseBrowser" finished-at="2022-10-21T17:25:22 IST" duration-ms="6950" status="PASS">
          <reporter-output>
          </reporter-output>
        </test-method> <!-- initialiseBrowser -->
        <test-method signature="verify_autoclosablesucess()[pri:0, instance:testcases.AlertTest@7f3b84b8]" started-at="2022-10-21T17:25:22 IST" name="verify_autoclosablesucess" finished-at="2022-10-21T17:25:23 IST" duration-ms="1046" status="PASS">
          <reporter-output>
          </reporter-output>
        </test-method> <!-- verify_autoclosablesucess -->
        <test-method is-config="true" signature="closeBrowser()[pri:0, instance:testcases.AlertTest@7f3b84b8]" started-at="2022-10-21T17:25:23 IST" name="closeBrowser" finished-at="2022-10-21T17:25:23 IST" duration-ms="0" status="PASS">
          <reporter-output>
          </reporter-output>
        </test-method> <!-- closeBrowser -->
      </class> <!-- testcases.AlertTest -->
    </test> <!-- Default test -->
  </suite> <!-- Default suite -->
</testng-results>
